<?xml version="1.0" encoding="UTF-8"?>
<testExecutions version="1">
  <file path="/Users/udishkolnik/SmartStart/SmartStart/tests/database/data-integrity.test.js">
    <testCase name="Database Data Integrity Tests User Model Integrity should enforce unique email constraint" duration="1">
      <failure message="TypeError: Cannot read properties of undefined (reading &apos;deleteMany&apos;)"><![CDATA[TypeError: Cannot read properties of undefined (reading 'deleteMany')
    at deleteMany (/Users/udishkolnik/SmartStart/SmartStart/tests/database/data-integrity.test.js:27:36)
    at Object.cleanupTestData (/Users/udishkolnik/SmartStart/SmartStart/tests/database/data-integrity.test.js:22:11)
    at Promise.then.completed (/Users/udishkolnik/SmartStart/SmartStart/node_modules/jest-circus/build/utils.js:298:28)
    at new Promise (<anonymous>)
    at callAsyncCircusFn (/Users/udishkolnik/SmartStart/SmartStart/node_modules/jest-circus/build/utils.js:231:10)
    at _callCircusHook (/Users/udishkolnik/SmartStart/SmartStart/node_modules/jest-circus/build/run.js:281:40)
    at _runTest (/Users/udishkolnik/SmartStart/SmartStart/node_modules/jest-circus/build/run.js:246:5)
    at _runTestsForDescribeBlock (/Users/udishkolnik/SmartStart/SmartStart/node_modules/jest-circus/build/run.js:126:9)
    at _runTestsForDescribeBlock (/Users/udishkolnik/SmartStart/SmartStart/node_modules/jest-circus/build/run.js:121:9)
    at _runTestsForDescribeBlock (/Users/udishkolnik/SmartStart/SmartStart/node_modules/jest-circus/build/run.js:121:9)
    at run (/Users/udishkolnik/SmartStart/SmartStart/node_modules/jest-circus/build/run.js:71:3)
    at runAndTransformResultsToJestFormat (/Users/udishkolnik/SmartStart/SmartStart/node_modules/jest-circus/build/legacy-code-todo-rewrite/jestAdapterInit.js:122:21)
    at jestAdapter (/Users/udishkolnik/SmartStart/SmartStart/node_modules/jest-circus/build/legacy-code-todo-rewrite/jestAdapter.js:79:19)
    at runTestInternal (/Users/udishkolnik/SmartStart/SmartStart/node_modules/jest-runner/build/runTest.js:367:16)
    at runTest (/Users/udishkolnik/SmartStart/SmartStart/node_modules/jest-runner/build/runTest.js:444:34)]]></failure>
    </testCase>
    <testCase name="Database Data Integrity Tests User Model Integrity should enforce unique username constraint when provided" duration="1">
      <failure message="TypeError: Cannot read properties of undefined (reading &apos;deleteMany&apos;)"><![CDATA[TypeError: Cannot read properties of undefined (reading 'deleteMany')
    at deleteMany (/Users/udishkolnik/SmartStart/SmartStart/tests/database/data-integrity.test.js:27:36)
    at Object.cleanupTestData (/Users/udishkolnik/SmartStart/SmartStart/tests/database/data-integrity.test.js:22:11)
    at Promise.then.completed (/Users/udishkolnik/SmartStart/SmartStart/node_modules/jest-circus/build/utils.js:298:28)
    at new Promise (<anonymous>)
    at callAsyncCircusFn (/Users/udishkolnik/SmartStart/SmartStart/node_modules/jest-circus/build/utils.js:231:10)
    at _callCircusHook (/Users/udishkolnik/SmartStart/SmartStart/node_modules/jest-circus/build/run.js:281:40)
    at _runTest (/Users/udishkolnik/SmartStart/SmartStart/node_modules/jest-circus/build/run.js:246:5)
    at _runTestsForDescribeBlock (/Users/udishkolnik/SmartStart/SmartStart/node_modules/jest-circus/build/run.js:126:9)
    at _runTestsForDescribeBlock (/Users/udishkolnik/SmartStart/SmartStart/node_modules/jest-circus/build/run.js:121:9)
    at _runTestsForDescribeBlock (/Users/udishkolnik/SmartStart/SmartStart/node_modules/jest-circus/build/run.js:121:9)
    at run (/Users/udishkolnik/SmartStart/SmartStart/node_modules/jest-circus/build/run.js:71:3)
    at runAndTransformResultsToJestFormat (/Users/udishkolnik/SmartStart/SmartStart/node_modules/jest-circus/build/legacy-code-todo-rewrite/jestAdapterInit.js:122:21)
    at jestAdapter (/Users/udishkolnik/SmartStart/SmartStart/node_modules/jest-circus/build/legacy-code-todo-rewrite/jestAdapter.js:79:19)
    at runTestInternal (/Users/udishkolnik/SmartStart/SmartStart/node_modules/jest-runner/build/runTest.js:367:16)
    at runTest (/Users/udishkolnik/SmartStart/SmartStart/node_modules/jest-runner/build/runTest.js:444:34)]]></failure>
    </testCase>
    <testCase name="Database Data Integrity Tests User Model Integrity should validate required fields" duration="0">
      <failure message="TypeError: Cannot read properties of undefined (reading &apos;deleteMany&apos;)"><![CDATA[TypeError: Cannot read properties of undefined (reading 'deleteMany')
    at deleteMany (/Users/udishkolnik/SmartStart/SmartStart/tests/database/data-integrity.test.js:27:36)
    at Object.cleanupTestData (/Users/udishkolnik/SmartStart/SmartStart/tests/database/data-integrity.test.js:22:11)
    at Promise.then.completed (/Users/udishkolnik/SmartStart/SmartStart/node_modules/jest-circus/build/utils.js:298:28)
    at new Promise (<anonymous>)
    at callAsyncCircusFn (/Users/udishkolnik/SmartStart/SmartStart/node_modules/jest-circus/build/utils.js:231:10)
    at _callCircusHook (/Users/udishkolnik/SmartStart/SmartStart/node_modules/jest-circus/build/run.js:281:40)
    at _runTest (/Users/udishkolnik/SmartStart/SmartStart/node_modules/jest-circus/build/run.js:246:5)
    at _runTestsForDescribeBlock (/Users/udishkolnik/SmartStart/SmartStart/node_modules/jest-circus/build/run.js:126:9)
    at _runTestsForDescribeBlock (/Users/udishkolnik/SmartStart/SmartStart/node_modules/jest-circus/build/run.js:121:9)
    at _runTestsForDescribeBlock (/Users/udishkolnik/SmartStart/SmartStart/node_modules/jest-circus/build/run.js:121:9)
    at run (/Users/udishkolnik/SmartStart/SmartStart/node_modules/jest-circus/build/run.js:71:3)
    at runAndTransformResultsToJestFormat (/Users/udishkolnik/SmartStart/SmartStart/node_modules/jest-circus/build/legacy-code-todo-rewrite/jestAdapterInit.js:122:21)
    at jestAdapter (/Users/udishkolnik/SmartStart/SmartStart/node_modules/jest-circus/build/legacy-code-todo-rewrite/jestAdapter.js:79:19)
    at runTestInternal (/Users/udishkolnik/SmartStart/SmartStart/node_modules/jest-runner/build/runTest.js:367:16)
    at runTest (/Users/udishkolnik/SmartStart/SmartStart/node_modules/jest-runner/build/runTest.js:444:34)]]></failure>
    </testCase>
    <testCase name="Database Data Integrity Tests User Model Integrity should maintain referential integrity on user deletion" duration="0">
      <failure message="TypeError: Cannot read properties of undefined (reading &apos;deleteMany&apos;)"><![CDATA[TypeError: Cannot read properties of undefined (reading 'deleteMany')
    at deleteMany (/Users/udishkolnik/SmartStart/SmartStart/tests/database/data-integrity.test.js:27:36)
    at Object.cleanupTestData (/Users/udishkolnik/SmartStart/SmartStart/tests/database/data-integrity.test.js:22:11)
    at Promise.then.completed (/Users/udishkolnik/SmartStart/SmartStart/node_modules/jest-circus/build/utils.js:298:28)
    at new Promise (<anonymous>)
    at callAsyncCircusFn (/Users/udishkolnik/SmartStart/SmartStart/node_modules/jest-circus/build/utils.js:231:10)
    at _callCircusHook (/Users/udishkolnik/SmartStart/SmartStart/node_modules/jest-circus/build/run.js:281:40)
    at _runTest (/Users/udishkolnik/SmartStart/SmartStart/node_modules/jest-circus/build/run.js:246:5)
    at _runTestsForDescribeBlock (/Users/udishkolnik/SmartStart/SmartStart/node_modules/jest-circus/build/run.js:126:9)
    at _runTestsForDescribeBlock (/Users/udishkolnik/SmartStart/SmartStart/node_modules/jest-circus/build/run.js:121:9)
    at _runTestsForDescribeBlock (/Users/udishkolnik/SmartStart/SmartStart/node_modules/jest-circus/build/run.js:121:9)
    at run (/Users/udishkolnik/SmartStart/SmartStart/node_modules/jest-circus/build/run.js:71:3)
    at runAndTransformResultsToJestFormat (/Users/udishkolnik/SmartStart/SmartStart/node_modules/jest-circus/build/legacy-code-todo-rewrite/jestAdapterInit.js:122:21)
    at jestAdapter (/Users/udishkolnik/SmartStart/SmartStart/node_modules/jest-circus/build/legacy-code-todo-rewrite/jestAdapter.js:79:19)
    at runTestInternal (/Users/udishkolnik/SmartStart/SmartStart/node_modules/jest-runner/build/runTest.js:367:16)
    at runTest (/Users/udishkolnik/SmartStart/SmartStart/node_modules/jest-runner/build/runTest.js:444:34)]]></failure>
    </testCase>
    <testCase name="Database Data Integrity Tests Venture Model Integrity should enforce unique venture name constraint" duration="1">
      <failure message="TypeError: Cannot read properties of undefined (reading &apos;deleteMany&apos;)"><![CDATA[TypeError: Cannot read properties of undefined (reading 'deleteMany')
    at deleteMany (/Users/udishkolnik/SmartStart/SmartStart/tests/database/data-integrity.test.js:27:36)
    at Object.cleanupTestData (/Users/udishkolnik/SmartStart/SmartStart/tests/database/data-integrity.test.js:22:11)
    at Promise.then.completed (/Users/udishkolnik/SmartStart/SmartStart/node_modules/jest-circus/build/utils.js:298:28)
    at new Promise (<anonymous>)
    at callAsyncCircusFn (/Users/udishkolnik/SmartStart/SmartStart/node_modules/jest-circus/build/utils.js:231:10)
    at _callCircusHook (/Users/udishkolnik/SmartStart/SmartStart/node_modules/jest-circus/build/run.js:281:40)
    at _runTest (/Users/udishkolnik/SmartStart/SmartStart/node_modules/jest-circus/build/run.js:246:5)
    at _runTestsForDescribeBlock (/Users/udishkolnik/SmartStart/SmartStart/node_modules/jest-circus/build/run.js:126:9)
    at _runTestsForDescribeBlock (/Users/udishkolnik/SmartStart/SmartStart/node_modules/jest-circus/build/run.js:121:9)
    at _runTestsForDescribeBlock (/Users/udishkolnik/SmartStart/SmartStart/node_modules/jest-circus/build/run.js:121:9)
    at run (/Users/udishkolnik/SmartStart/SmartStart/node_modules/jest-circus/build/run.js:71:3)
    at runAndTransformResultsToJestFormat (/Users/udishkolnik/SmartStart/SmartStart/node_modules/jest-circus/build/legacy-code-todo-rewrite/jestAdapterInit.js:122:21)
    at jestAdapter (/Users/udishkolnik/SmartStart/SmartStart/node_modules/jest-circus/build/legacy-code-todo-rewrite/jestAdapter.js:79:19)
    at runTestInternal (/Users/udishkolnik/SmartStart/SmartStart/node_modules/jest-runner/build/runTest.js:367:16)
    at runTest (/Users/udishkolnik/SmartStart/SmartStart/node_modules/jest-runner/build/runTest.js:444:34)]]></failure>
    </testCase>
    <testCase name="Database Data Integrity Tests Venture Model Integrity should maintain referential integrity with owner" duration="0">
      <failure message="TypeError: Cannot read properties of undefined (reading &apos;deleteMany&apos;)"><![CDATA[TypeError: Cannot read properties of undefined (reading 'deleteMany')
    at deleteMany (/Users/udishkolnik/SmartStart/SmartStart/tests/database/data-integrity.test.js:27:36)
    at Object.cleanupTestData (/Users/udishkolnik/SmartStart/SmartStart/tests/database/data-integrity.test.js:22:11)
    at Promise.then.completed (/Users/udishkolnik/SmartStart/SmartStart/node_modules/jest-circus/build/utils.js:298:28)
    at new Promise (<anonymous>)
    at callAsyncCircusFn (/Users/udishkolnik/SmartStart/SmartStart/node_modules/jest-circus/build/utils.js:231:10)
    at _callCircusHook (/Users/udishkolnik/SmartStart/SmartStart/node_modules/jest-circus/build/run.js:281:40)
    at _runTest (/Users/udishkolnik/SmartStart/SmartStart/node_modules/jest-circus/build/run.js:246:5)
    at _runTestsForDescribeBlock (/Users/udishkolnik/SmartStart/SmartStart/node_modules/jest-circus/build/run.js:126:9)
    at _runTestsForDescribeBlock (/Users/udishkolnik/SmartStart/SmartStart/node_modules/jest-circus/build/run.js:121:9)
    at _runTestsForDescribeBlock (/Users/udishkolnik/SmartStart/SmartStart/node_modules/jest-circus/build/run.js:121:9)
    at run (/Users/udishkolnik/SmartStart/SmartStart/node_modules/jest-circus/build/run.js:71:3)
    at runAndTransformResultsToJestFormat (/Users/udishkolnik/SmartStart/SmartStart/node_modules/jest-circus/build/legacy-code-todo-rewrite/jestAdapterInit.js:122:21)
    at jestAdapter (/Users/udishkolnik/SmartStart/SmartStart/node_modules/jest-circus/build/legacy-code-todo-rewrite/jestAdapter.js:79:19)
    at runTestInternal (/Users/udishkolnik/SmartStart/SmartStart/node_modules/jest-runner/build/runTest.js:367:16)
    at runTest (/Users/udishkolnik/SmartStart/SmartStart/node_modules/jest-runner/build/runTest.js:444:34)]]></failure>
    </testCase>
    <testCase name="Database Data Integrity Tests Venture Model Integrity should cascade delete related data" duration="0">
      <failure message="TypeError: Cannot read properties of undefined (reading &apos;deleteMany&apos;)"><![CDATA[TypeError: Cannot read properties of undefined (reading 'deleteMany')
    at deleteMany (/Users/udishkolnik/SmartStart/SmartStart/tests/database/data-integrity.test.js:27:36)
    at Object.cleanupTestData (/Users/udishkolnik/SmartStart/SmartStart/tests/database/data-integrity.test.js:22:11)
    at Promise.then.completed (/Users/udishkolnik/SmartStart/SmartStart/node_modules/jest-circus/build/utils.js:298:28)
    at new Promise (<anonymous>)
    at callAsyncCircusFn (/Users/udishkolnik/SmartStart/SmartStart/node_modules/jest-circus/build/utils.js:231:10)
    at _callCircusHook (/Users/udishkolnik/SmartStart/SmartStart/node_modules/jest-circus/build/run.js:281:40)
    at _runTest (/Users/udishkolnik/SmartStart/SmartStart/node_modules/jest-circus/build/run.js:246:5)
    at _runTestsForDescribeBlock (/Users/udishkolnik/SmartStart/SmartStart/node_modules/jest-circus/build/run.js:126:9)
    at _runTestsForDescribeBlock (/Users/udishkolnik/SmartStart/SmartStart/node_modules/jest-circus/build/run.js:121:9)
    at _runTestsForDescribeBlock (/Users/udishkolnik/SmartStart/SmartStart/node_modules/jest-circus/build/run.js:121:9)
    at run (/Users/udishkolnik/SmartStart/SmartStart/node_modules/jest-circus/build/run.js:71:3)
    at runAndTransformResultsToJestFormat (/Users/udishkolnik/SmartStart/SmartStart/node_modules/jest-circus/build/legacy-code-todo-rewrite/jestAdapterInit.js:122:21)
    at jestAdapter (/Users/udishkolnik/SmartStart/SmartStart/node_modules/jest-circus/build/legacy-code-todo-rewrite/jestAdapter.js:79:19)
    at runTestInternal (/Users/udishkolnik/SmartStart/SmartStart/node_modules/jest-runner/build/runTest.js:367:16)
    at runTest (/Users/udishkolnik/SmartStart/SmartStart/node_modules/jest-runner/build/runTest.js:444:34)]]></failure>
    </testCase>
    <testCase name="Database Data Integrity Tests Venture Management System Integrity should maintain timeline-milestone relationship integrity" duration="0">
      <failure message="TypeError: Cannot read properties of undefined (reading &apos;deleteMany&apos;)"><![CDATA[TypeError: Cannot read properties of undefined (reading 'deleteMany')
    at deleteMany (/Users/udishkolnik/SmartStart/SmartStart/tests/database/data-integrity.test.js:27:36)
    at Object.cleanupTestData (/Users/udishkolnik/SmartStart/SmartStart/tests/database/data-integrity.test.js:22:11)
    at Promise.then.completed (/Users/udishkolnik/SmartStart/SmartStart/node_modules/jest-circus/build/utils.js:298:28)
    at new Promise (<anonymous>)
    at callAsyncCircusFn (/Users/udishkolnik/SmartStart/SmartStart/node_modules/jest-circus/build/utils.js:231:10)
    at _callCircusHook (/Users/udishkolnik/SmartStart/SmartStart/node_modules/jest-circus/build/run.js:281:40)
    at _runTest (/Users/udishkolnik/SmartStart/SmartStart/node_modules/jest-circus/build/run.js:246:5)
    at _runTestsForDescribeBlock (/Users/udishkolnik/SmartStart/SmartStart/node_modules/jest-circus/build/run.js:126:9)
    at _runTestsForDescribeBlock (/Users/udishkolnik/SmartStart/SmartStart/node_modules/jest-circus/build/run.js:121:9)
    at _runTestsForDescribeBlock (/Users/udishkolnik/SmartStart/SmartStart/node_modules/jest-circus/build/run.js:121:9)
    at run (/Users/udishkolnik/SmartStart/SmartStart/node_modules/jest-circus/build/run.js:71:3)
    at runAndTransformResultsToJestFormat (/Users/udishkolnik/SmartStart/SmartStart/node_modules/jest-circus/build/legacy-code-todo-rewrite/jestAdapterInit.js:122:21)
    at jestAdapter (/Users/udishkolnik/SmartStart/SmartStart/node_modules/jest-circus/build/legacy-code-todo-rewrite/jestAdapter.js:79:19)
    at runTestInternal (/Users/udishkolnik/SmartStart/SmartStart/node_modules/jest-runner/build/runTest.js:367:16)
    at runTest (/Users/udishkolnik/SmartStart/SmartStart/node_modules/jest-runner/build/runTest.js:444:34)]]></failure>
    </testCase>
    <testCase name="Database Data Integrity Tests Venture Management System Integrity should maintain sprint-task relationship integrity" duration="1">
      <failure message="TypeError: Cannot read properties of undefined (reading &apos;deleteMany&apos;)"><![CDATA[TypeError: Cannot read properties of undefined (reading 'deleteMany')
    at deleteMany (/Users/udishkolnik/SmartStart/SmartStart/tests/database/data-integrity.test.js:27:36)
    at Object.cleanupTestData (/Users/udishkolnik/SmartStart/SmartStart/tests/database/data-integrity.test.js:22:11)
    at Promise.then.completed (/Users/udishkolnik/SmartStart/SmartStart/node_modules/jest-circus/build/utils.js:298:28)
    at new Promise (<anonymous>)
    at callAsyncCircusFn (/Users/udishkolnik/SmartStart/SmartStart/node_modules/jest-circus/build/utils.js:231:10)
    at _callCircusHook (/Users/udishkolnik/SmartStart/SmartStart/node_modules/jest-circus/build/run.js:281:40)
    at _runTest (/Users/udishkolnik/SmartStart/SmartStart/node_modules/jest-circus/build/run.js:246:5)
    at _runTestsForDescribeBlock (/Users/udishkolnik/SmartStart/SmartStart/node_modules/jest-circus/build/run.js:126:9)
    at _runTestsForDescribeBlock (/Users/udishkolnik/SmartStart/SmartStart/node_modules/jest-circus/build/run.js:121:9)
    at _runTestsForDescribeBlock (/Users/udishkolnik/SmartStart/SmartStart/node_modules/jest-circus/build/run.js:121:9)
    at run (/Users/udishkolnik/SmartStart/SmartStart/node_modules/jest-circus/build/run.js:71:3)
    at runAndTransformResultsToJestFormat (/Users/udishkolnik/SmartStart/SmartStart/node_modules/jest-circus/build/legacy-code-todo-rewrite/jestAdapterInit.js:122:21)
    at jestAdapter (/Users/udishkolnik/SmartStart/SmartStart/node_modules/jest-circus/build/legacy-code-todo-rewrite/jestAdapter.js:79:19)
    at runTestInternal (/Users/udishkolnik/SmartStart/SmartStart/node_modules/jest-runner/build/runTest.js:367:16)
    at runTest (/Users/udishkolnik/SmartStart/SmartStart/node_modules/jest-runner/build/runTest.js:444:34)]]></failure>
    </testCase>
    <testCase name="Database Data Integrity Tests Venture Management System Integrity should prevent duplicate timeline creation" duration="0">
      <failure message="TypeError: Cannot read properties of undefined (reading &apos;deleteMany&apos;)"><![CDATA[TypeError: Cannot read properties of undefined (reading 'deleteMany')
    at deleteMany (/Users/udishkolnik/SmartStart/SmartStart/tests/database/data-integrity.test.js:27:36)
    at Object.cleanupTestData (/Users/udishkolnik/SmartStart/SmartStart/tests/database/data-integrity.test.js:22:11)
    at Promise.then.completed (/Users/udishkolnik/SmartStart/SmartStart/node_modules/jest-circus/build/utils.js:298:28)
    at new Promise (<anonymous>)
    at callAsyncCircusFn (/Users/udishkolnik/SmartStart/SmartStart/node_modules/jest-circus/build/utils.js:231:10)
    at _callCircusHook (/Users/udishkolnik/SmartStart/SmartStart/node_modules/jest-circus/build/run.js:281:40)
    at _runTest (/Users/udishkolnik/SmartStart/SmartStart/node_modules/jest-circus/build/run.js:246:5)
    at _runTestsForDescribeBlock (/Users/udishkolnik/SmartStart/SmartStart/node_modules/jest-circus/build/run.js:126:9)
    at _runTestsForDescribeBlock (/Users/udishkolnik/SmartStart/SmartStart/node_modules/jest-circus/build/run.js:121:9)
    at _runTestsForDescribeBlock (/Users/udishkolnik/SmartStart/SmartStart/node_modules/jest-circus/build/run.js:121:9)
    at run (/Users/udishkolnik/SmartStart/SmartStart/node_modules/jest-circus/build/run.js:71:3)
    at runAndTransformResultsToJestFormat (/Users/udishkolnik/SmartStart/SmartStart/node_modules/jest-circus/build/legacy-code-todo-rewrite/jestAdapterInit.js:122:21)
    at jestAdapter (/Users/udishkolnik/SmartStart/SmartStart/node_modules/jest-circus/build/legacy-code-todo-rewrite/jestAdapter.js:79:19)
    at runTestInternal (/Users/udishkolnik/SmartStart/SmartStart/node_modules/jest-runner/build/runTest.js:367:16)
    at runTest (/Users/udishkolnik/SmartStart/SmartStart/node_modules/jest-runner/build/runTest.js:444:34)]]></failure>
    </testCase>
    <testCase name="Database Data Integrity Tests Slack Integration Integrity should maintain venture-slack integration relationship" duration="0">
      <failure message="TypeError: Cannot read properties of undefined (reading &apos;deleteMany&apos;)"><![CDATA[TypeError: Cannot read properties of undefined (reading 'deleteMany')
    at deleteMany (/Users/udishkolnik/SmartStart/SmartStart/tests/database/data-integrity.test.js:27:36)
    at Object.cleanupTestData (/Users/udishkolnik/SmartStart/SmartStart/tests/database/data-integrity.test.js:22:11)
    at Promise.then.completed (/Users/udishkolnik/SmartStart/SmartStart/node_modules/jest-circus/build/utils.js:298:28)
    at new Promise (<anonymous>)
    at callAsyncCircusFn (/Users/udishkolnik/SmartStart/SmartStart/node_modules/jest-circus/build/utils.js:231:10)
    at _callCircusHook (/Users/udishkolnik/SmartStart/SmartStart/node_modules/jest-circus/build/run.js:281:40)
    at _runTest (/Users/udishkolnik/SmartStart/SmartStart/node_modules/jest-circus/build/run.js:246:5)
    at _runTestsForDescribeBlock (/Users/udishkolnik/SmartStart/SmartStart/node_modules/jest-circus/build/run.js:126:9)
    at _runTestsForDescribeBlock (/Users/udishkolnik/SmartStart/SmartStart/node_modules/jest-circus/build/run.js:121:9)
    at _runTestsForDescribeBlock (/Users/udishkolnik/SmartStart/SmartStart/node_modules/jest-circus/build/run.js:121:9)
    at run (/Users/udishkolnik/SmartStart/SmartStart/node_modules/jest-circus/build/run.js:71:3)
    at runAndTransformResultsToJestFormat (/Users/udishkolnik/SmartStart/SmartStart/node_modules/jest-circus/build/legacy-code-todo-rewrite/jestAdapterInit.js:122:21)
    at jestAdapter (/Users/udishkolnik/SmartStart/SmartStart/node_modules/jest-circus/build/legacy-code-todo-rewrite/jestAdapter.js:79:19)
    at runTestInternal (/Users/udishkolnik/SmartStart/SmartStart/node_modules/jest-runner/build/runTest.js:367:16)
    at runTest (/Users/udishkolnik/SmartStart/SmartStart/node_modules/jest-runner/build/runTest.js:444:34)]]></failure>
    </testCase>
    <testCase name="Database Data Integrity Tests Slack Integration Integrity should maintain message-reaction relationship integrity" duration="0">
      <failure message="TypeError: Cannot read properties of undefined (reading &apos;deleteMany&apos;)"><![CDATA[TypeError: Cannot read properties of undefined (reading 'deleteMany')
    at deleteMany (/Users/udishkolnik/SmartStart/SmartStart/tests/database/data-integrity.test.js:27:36)
    at Object.cleanupTestData (/Users/udishkolnik/SmartStart/SmartStart/tests/database/data-integrity.test.js:22:11)
    at Promise.then.completed (/Users/udishkolnik/SmartStart/SmartStart/node_modules/jest-circus/build/utils.js:298:28)
    at new Promise (<anonymous>)
    at callAsyncCircusFn (/Users/udishkolnik/SmartStart/SmartStart/node_modules/jest-circus/build/utils.js:231:10)
    at _callCircusHook (/Users/udishkolnik/SmartStart/SmartStart/node_modules/jest-circus/build/run.js:281:40)
    at _runTest (/Users/udishkolnik/SmartStart/SmartStart/node_modules/jest-circus/build/run.js:246:5)
    at _runTestsForDescribeBlock (/Users/udishkolnik/SmartStart/SmartStart/node_modules/jest-circus/build/run.js:126:9)
    at _runTestsForDescribeBlock (/Users/udishkolnik/SmartStart/SmartStart/node_modules/jest-circus/build/run.js:121:9)
    at _runTestsForDescribeBlock (/Users/udishkolnik/SmartStart/SmartStart/node_modules/jest-circus/build/run.js:121:9)
    at run (/Users/udishkolnik/SmartStart/SmartStart/node_modules/jest-circus/build/run.js:71:3)
    at runAndTransformResultsToJestFormat (/Users/udishkolnik/SmartStart/SmartStart/node_modules/jest-circus/build/legacy-code-todo-rewrite/jestAdapterInit.js:122:21)
    at jestAdapter (/Users/udishkolnik/SmartStart/SmartStart/node_modules/jest-circus/build/legacy-code-todo-rewrite/jestAdapter.js:79:19)
    at runTestInternal (/Users/udishkolnik/SmartStart/SmartStart/node_modules/jest-runner/build/runTest.js:367:16)
    at runTest (/Users/udishkolnik/SmartStart/SmartStart/node_modules/jest-runner/build/runTest.js:444:34)]]></failure>
    </testCase>
    <testCase name="Database Data Integrity Tests Data Validation Tests should validate enum values" duration="0">
      <failure message="TypeError: Cannot read properties of undefined (reading &apos;deleteMany&apos;)"><![CDATA[TypeError: Cannot read properties of undefined (reading 'deleteMany')
    at deleteMany (/Users/udishkolnik/SmartStart/SmartStart/tests/database/data-integrity.test.js:27:36)
    at Object.cleanupTestData (/Users/udishkolnik/SmartStart/SmartStart/tests/database/data-integrity.test.js:22:11)
    at Promise.then.completed (/Users/udishkolnik/SmartStart/SmartStart/node_modules/jest-circus/build/utils.js:298:28)
    at new Promise (<anonymous>)
    at callAsyncCircusFn (/Users/udishkolnik/SmartStart/SmartStart/node_modules/jest-circus/build/utils.js:231:10)
    at _callCircusHook (/Users/udishkolnik/SmartStart/SmartStart/node_modules/jest-circus/build/run.js:281:40)
    at _runTest (/Users/udishkolnik/SmartStart/SmartStart/node_modules/jest-circus/build/run.js:246:5)
    at _runTestsForDescribeBlock (/Users/udishkolnik/SmartStart/SmartStart/node_modules/jest-circus/build/run.js:126:9)
    at _runTestsForDescribeBlock (/Users/udishkolnik/SmartStart/SmartStart/node_modules/jest-circus/build/run.js:121:9)
    at _runTestsForDescribeBlock (/Users/udishkolnik/SmartStart/SmartStart/node_modules/jest-circus/build/run.js:121:9)
    at run (/Users/udishkolnik/SmartStart/SmartStart/node_modules/jest-circus/build/run.js:71:3)
    at runAndTransformResultsToJestFormat (/Users/udishkolnik/SmartStart/SmartStart/node_modules/jest-circus/build/legacy-code-todo-rewrite/jestAdapterInit.js:122:21)
    at jestAdapter (/Users/udishkolnik/SmartStart/SmartStart/node_modules/jest-circus/build/legacy-code-todo-rewrite/jestAdapter.js:79:19)
    at runTestInternal (/Users/udishkolnik/SmartStart/SmartStart/node_modules/jest-runner/build/runTest.js:367:16)
    at runTest (/Users/udishkolnik/SmartStart/SmartStart/node_modules/jest-runner/build/runTest.js:444:34)]]></failure>
    </testCase>
    <testCase name="Database Data Integrity Tests Data Validation Tests should validate required fields in nested models" duration="0">
      <failure message="TypeError: Cannot read properties of undefined (reading &apos;deleteMany&apos;)"><![CDATA[TypeError: Cannot read properties of undefined (reading 'deleteMany')
    at deleteMany (/Users/udishkolnik/SmartStart/SmartStart/tests/database/data-integrity.test.js:27:36)
    at Object.cleanupTestData (/Users/udishkolnik/SmartStart/SmartStart/tests/database/data-integrity.test.js:22:11)
    at Promise.then.completed (/Users/udishkolnik/SmartStart/SmartStart/node_modules/jest-circus/build/utils.js:298:28)
    at new Promise (<anonymous>)
    at callAsyncCircusFn (/Users/udishkolnik/SmartStart/SmartStart/node_modules/jest-circus/build/utils.js:231:10)
    at _callCircusHook (/Users/udishkolnik/SmartStart/SmartStart/node_modules/jest-circus/build/run.js:281:40)
    at _runTest (/Users/udishkolnik/SmartStart/SmartStart/node_modules/jest-circus/build/run.js:246:5)
    at _runTestsForDescribeBlock (/Users/udishkolnik/SmartStart/SmartStart/node_modules/jest-circus/build/run.js:126:9)
    at _runTestsForDescribeBlock (/Users/udishkolnik/SmartStart/SmartStart/node_modules/jest-circus/build/run.js:121:9)
    at _runTestsForDescribeBlock (/Users/udishkolnik/SmartStart/SmartStart/node_modules/jest-circus/build/run.js:121:9)
    at run (/Users/udishkolnik/SmartStart/SmartStart/node_modules/jest-circus/build/run.js:71:3)
    at runAndTransformResultsToJestFormat (/Users/udishkolnik/SmartStart/SmartStart/node_modules/jest-circus/build/legacy-code-todo-rewrite/jestAdapterInit.js:122:21)
    at jestAdapter (/Users/udishkolnik/SmartStart/SmartStart/node_modules/jest-circus/build/legacy-code-todo-rewrite/jestAdapter.js:79:19)
    at runTestInternal (/Users/udishkolnik/SmartStart/SmartStart/node_modules/jest-runner/build/runTest.js:367:16)
    at runTest (/Users/udishkolnik/SmartStart/SmartStart/node_modules/jest-runner/build/runTest.js:444:34)]]></failure>
    </testCase>
    <testCase name="Database Data Integrity Tests Performance and Index Tests should efficiently query by indexed fields" duration="1">
      <failure message="TypeError: Cannot read properties of undefined (reading &apos;deleteMany&apos;)"><![CDATA[TypeError: Cannot read properties of undefined (reading 'deleteMany')
    at deleteMany (/Users/udishkolnik/SmartStart/SmartStart/tests/database/data-integrity.test.js:27:36)
    at Object.cleanupTestData (/Users/udishkolnik/SmartStart/SmartStart/tests/database/data-integrity.test.js:22:11)
    at Promise.then.completed (/Users/udishkolnik/SmartStart/SmartStart/node_modules/jest-circus/build/utils.js:298:28)
    at new Promise (<anonymous>)
    at callAsyncCircusFn (/Users/udishkolnik/SmartStart/SmartStart/node_modules/jest-circus/build/utils.js:231:10)
    at _callCircusHook (/Users/udishkolnik/SmartStart/SmartStart/node_modules/jest-circus/build/run.js:281:40)
    at _runTest (/Users/udishkolnik/SmartStart/SmartStart/node_modules/jest-circus/build/run.js:246:5)
    at _runTestsForDescribeBlock (/Users/udishkolnik/SmartStart/SmartStart/node_modules/jest-circus/build/run.js:126:9)
    at _runTestsForDescribeBlock (/Users/udishkolnik/SmartStart/SmartStart/node_modules/jest-circus/build/run.js:121:9)
    at _runTestsForDescribeBlock (/Users/udishkolnik/SmartStart/SmartStart/node_modules/jest-circus/build/run.js:121:9)
    at run (/Users/udishkolnik/SmartStart/SmartStart/node_modules/jest-circus/build/run.js:71:3)
    at runAndTransformResultsToJestFormat (/Users/udishkolnik/SmartStart/SmartStart/node_modules/jest-circus/build/legacy-code-todo-rewrite/jestAdapterInit.js:122:21)
    at jestAdapter (/Users/udishkolnik/SmartStart/SmartStart/node_modules/jest-circus/build/legacy-code-todo-rewrite/jestAdapter.js:79:19)
    at runTestInternal (/Users/udishkolnik/SmartStart/SmartStart/node_modules/jest-runner/build/runTest.js:367:16)
    at runTest (/Users/udishkolnik/SmartStart/SmartStart/node_modules/jest-runner/build/runTest.js:444:34)]]></failure>
    </testCase>
  </file>
  <file path="/Users/udishkolnik/SmartStart/SmartStart/tests/api/api-comprehensive.test.js">
  </file>
  <file path="/Users/udishkolnik/SmartStart/SmartStart/tests/security/security-comprehensive.test.js">
    <testCase name="Comprehensive Security Testing Suite Authentication Security should reject requests without authentication token" duration="0">
      <failure message="PrismaClientInitializationError: "><![CDATA[PrismaClientInitializationError: 
Invalid `prisma.user.create()` invocation in
/Users/udishkolnik/SmartStart/SmartStart/tests/security/security-comprehensive.test.js:50:58

  47 ];
  48 
  49 for (const level of rbacLevels) {
→ 50   testUsers[level.toLowerCase()] = await prisma.user.create(
User was denied access on the database `(not available)`
    at ei.handleRequestError (/Users/udishkolnik/SmartStart/SmartStart/node_modules/@prisma/client/src/runtime/RequestHandler.ts:242:13)
    at ei.handleAndLogRequestError (/Users/udishkolnik/SmartStart/SmartStart/node_modules/@prisma/client/src/runtime/RequestHandler.ts:174:12)
    at ei.request (/Users/udishkolnik/SmartStart/SmartStart/node_modules/@prisma/client/src/runtime/RequestHandler.ts:143:12)
    at a (/Users/udishkolnik/SmartStart/SmartStart/node_modules/@prisma/client/src/runtime/getPrismaClient.ts:833:24)
    at setupTestData (/Users/udishkolnik/SmartStart/SmartStart/tests/security/security-comprehensive.test.js:50:40)
    at Object.<anonymous> (/Users/udishkolnik/SmartStart/SmartStart/tests/security/security-comprehensive.test.js:32:5)]]></failure>
    </testCase>
    <testCase name="Comprehensive Security Testing Suite Authentication Security should reject requests with invalid authentication token" duration="0">
      <failure message="PrismaClientInitializationError: "><![CDATA[PrismaClientInitializationError: 
Invalid `prisma.user.create()` invocation in
/Users/udishkolnik/SmartStart/SmartStart/tests/security/security-comprehensive.test.js:50:58

  47 ];
  48 
  49 for (const level of rbacLevels) {
→ 50   testUsers[level.toLowerCase()] = await prisma.user.create(
User was denied access on the database `(not available)`
    at ei.handleRequestError (/Users/udishkolnik/SmartStart/SmartStart/node_modules/@prisma/client/src/runtime/RequestHandler.ts:242:13)
    at ei.handleAndLogRequestError (/Users/udishkolnik/SmartStart/SmartStart/node_modules/@prisma/client/src/runtime/RequestHandler.ts:174:12)
    at ei.request (/Users/udishkolnik/SmartStart/SmartStart/node_modules/@prisma/client/src/runtime/RequestHandler.ts:143:12)
    at a (/Users/udishkolnik/SmartStart/SmartStart/node_modules/@prisma/client/src/runtime/getPrismaClient.ts:833:24)
    at setupTestData (/Users/udishkolnik/SmartStart/SmartStart/tests/security/security-comprehensive.test.js:50:40)
    at Object.<anonymous> (/Users/udishkolnik/SmartStart/SmartStart/tests/security/security-comprehensive.test.js:32:5)]]></failure>
    </testCase>
    <testCase name="Comprehensive Security Testing Suite Authentication Security should reject requests with expired authentication token" duration="0">
      <failure message="PrismaClientInitializationError: "><![CDATA[PrismaClientInitializationError: 
Invalid `prisma.user.create()` invocation in
/Users/udishkolnik/SmartStart/SmartStart/tests/security/security-comprehensive.test.js:50:58

  47 ];
  48 
  49 for (const level of rbacLevels) {
→ 50   testUsers[level.toLowerCase()] = await prisma.user.create(
User was denied access on the database `(not available)`
    at ei.handleRequestError (/Users/udishkolnik/SmartStart/SmartStart/node_modules/@prisma/client/src/runtime/RequestHandler.ts:242:13)
    at ei.handleAndLogRequestError (/Users/udishkolnik/SmartStart/SmartStart/node_modules/@prisma/client/src/runtime/RequestHandler.ts:174:12)
    at ei.request (/Users/udishkolnik/SmartStart/SmartStart/node_modules/@prisma/client/src/runtime/RequestHandler.ts:143:12)
    at a (/Users/udishkolnik/SmartStart/SmartStart/node_modules/@prisma/client/src/runtime/getPrismaClient.ts:833:24)
    at setupTestData (/Users/udishkolnik/SmartStart/SmartStart/tests/security/security-comprehensive.test.js:50:40)
    at Object.<anonymous> (/Users/udishkolnik/SmartStart/SmartStart/tests/security/security-comprehensive.test.js:32:5)]]></failure>
    </testCase>
    <testCase name="Comprehensive Security Testing Suite Authentication Security should reject requests with malformed authorization header" duration="0">
      <failure message="PrismaClientInitializationError: "><![CDATA[PrismaClientInitializationError: 
Invalid `prisma.user.create()` invocation in
/Users/udishkolnik/SmartStart/SmartStart/tests/security/security-comprehensive.test.js:50:58

  47 ];
  48 
  49 for (const level of rbacLevels) {
→ 50   testUsers[level.toLowerCase()] = await prisma.user.create(
User was denied access on the database `(not available)`
    at ei.handleRequestError (/Users/udishkolnik/SmartStart/SmartStart/node_modules/@prisma/client/src/runtime/RequestHandler.ts:242:13)
    at ei.handleAndLogRequestError (/Users/udishkolnik/SmartStart/SmartStart/node_modules/@prisma/client/src/runtime/RequestHandler.ts:174:12)
    at ei.request (/Users/udishkolnik/SmartStart/SmartStart/node_modules/@prisma/client/src/runtime/RequestHandler.ts:143:12)
    at a (/Users/udishkolnik/SmartStart/SmartStart/node_modules/@prisma/client/src/runtime/getPrismaClient.ts:833:24)
    at setupTestData (/Users/udishkolnik/SmartStart/SmartStart/tests/security/security-comprehensive.test.js:50:40)
    at Object.<anonymous> (/Users/udishkolnik/SmartStart/SmartStart/tests/security/security-comprehensive.test.js:32:5)]]></failure>
    </testCase>
    <testCase name="Comprehensive Security Testing Suite Authentication Security should reject requests with invalid JWT signature" duration="0">
      <failure message="PrismaClientInitializationError: "><![CDATA[PrismaClientInitializationError: 
Invalid `prisma.user.create()` invocation in
/Users/udishkolnik/SmartStart/SmartStart/tests/security/security-comprehensive.test.js:50:58

  47 ];
  48 
  49 for (const level of rbacLevels) {
→ 50   testUsers[level.toLowerCase()] = await prisma.user.create(
User was denied access on the database `(not available)`
    at ei.handleRequestError (/Users/udishkolnik/SmartStart/SmartStart/node_modules/@prisma/client/src/runtime/RequestHandler.ts:242:13)
    at ei.handleAndLogRequestError (/Users/udishkolnik/SmartStart/SmartStart/node_modules/@prisma/client/src/runtime/RequestHandler.ts:174:12)
    at ei.request (/Users/udishkolnik/SmartStart/SmartStart/node_modules/@prisma/client/src/runtime/RequestHandler.ts:143:12)
    at a (/Users/udishkolnik/SmartStart/SmartStart/node_modules/@prisma/client/src/runtime/getPrismaClient.ts:833:24)
    at setupTestData (/Users/udishkolnik/SmartStart/SmartStart/tests/security/security-comprehensive.test.js:50:40)
    at Object.<anonymous> (/Users/udishkolnik/SmartStart/SmartStart/tests/security/security-comprehensive.test.js:32:5)]]></failure>
    </testCase>
    <testCase name="Comprehensive Security Testing Suite Authentication Security should accept valid authentication token" duration="0">
      <failure message="PrismaClientInitializationError: "><![CDATA[PrismaClientInitializationError: 
Invalid `prisma.user.create()` invocation in
/Users/udishkolnik/SmartStart/SmartStart/tests/security/security-comprehensive.test.js:50:58

  47 ];
  48 
  49 for (const level of rbacLevels) {
→ 50   testUsers[level.toLowerCase()] = await prisma.user.create(
User was denied access on the database `(not available)`
    at ei.handleRequestError (/Users/udishkolnik/SmartStart/SmartStart/node_modules/@prisma/client/src/runtime/RequestHandler.ts:242:13)
    at ei.handleAndLogRequestError (/Users/udishkolnik/SmartStart/SmartStart/node_modules/@prisma/client/src/runtime/RequestHandler.ts:174:12)
    at ei.request (/Users/udishkolnik/SmartStart/SmartStart/node_modules/@prisma/client/src/runtime/RequestHandler.ts:143:12)
    at a (/Users/udishkolnik/SmartStart/SmartStart/node_modules/@prisma/client/src/runtime/getPrismaClient.ts:833:24)
    at setupTestData (/Users/udishkolnik/SmartStart/SmartStart/tests/security/security-comprehensive.test.js:50:40)
    at Object.<anonymous> (/Users/udishkolnik/SmartStart/SmartStart/tests/security/security-comprehensive.test.js:32:5)]]></failure>
    </testCase>
    <testCase name="Comprehensive Security Testing Suite Authorization Security (RBAC) should enforce RBAC level hierarchy" duration="1">
      <failure message="PrismaClientInitializationError: "><![CDATA[PrismaClientInitializationError: 
Invalid `prisma.user.create()` invocation in
/Users/udishkolnik/SmartStart/SmartStart/tests/security/security-comprehensive.test.js:50:58

  47 ];
  48 
  49 for (const level of rbacLevels) {
→ 50   testUsers[level.toLowerCase()] = await prisma.user.create(
User was denied access on the database `(not available)`
    at ei.handleRequestError (/Users/udishkolnik/SmartStart/SmartStart/node_modules/@prisma/client/src/runtime/RequestHandler.ts:242:13)
    at ei.handleAndLogRequestError (/Users/udishkolnik/SmartStart/SmartStart/node_modules/@prisma/client/src/runtime/RequestHandler.ts:174:12)
    at ei.request (/Users/udishkolnik/SmartStart/SmartStart/node_modules/@prisma/client/src/runtime/RequestHandler.ts:143:12)
    at a (/Users/udishkolnik/SmartStart/SmartStart/node_modules/@prisma/client/src/runtime/getPrismaClient.ts:833:24)
    at setupTestData (/Users/udishkolnik/SmartStart/SmartStart/tests/security/security-comprehensive.test.js:50:40)
    at Object.<anonymous> (/Users/udishkolnik/SmartStart/SmartStart/tests/security/security-comprehensive.test.js:32:5)]]></failure>
    </testCase>
    <testCase name="Comprehensive Security Testing Suite Authorization Security (RBAC) should prevent privilege escalation" duration="0">
      <failure message="PrismaClientInitializationError: "><![CDATA[PrismaClientInitializationError: 
Invalid `prisma.user.create()` invocation in
/Users/udishkolnik/SmartStart/SmartStart/tests/security/security-comprehensive.test.js:50:58

  47 ];
  48 
  49 for (const level of rbacLevels) {
→ 50   testUsers[level.toLowerCase()] = await prisma.user.create(
User was denied access on the database `(not available)`
    at ei.handleRequestError (/Users/udishkolnik/SmartStart/SmartStart/node_modules/@prisma/client/src/runtime/RequestHandler.ts:242:13)
    at ei.handleAndLogRequestError (/Users/udishkolnik/SmartStart/SmartStart/node_modules/@prisma/client/src/runtime/RequestHandler.ts:174:12)
    at ei.request (/Users/udishkolnik/SmartStart/SmartStart/node_modules/@prisma/client/src/runtime/RequestHandler.ts:143:12)
    at a (/Users/udishkolnik/SmartStart/SmartStart/node_modules/@prisma/client/src/runtime/getPrismaClient.ts:833:24)
    at setupTestData (/Users/udishkolnik/SmartStart/SmartStart/tests/security/security-comprehensive.test.js:50:40)
    at Object.<anonymous> (/Users/udishkolnik/SmartStart/SmartStart/tests/security/security-comprehensive.test.js:32:5)]]></failure>
    </testCase>
    <testCase name="Comprehensive Security Testing Suite Authorization Security (RBAC) should enforce resource ownership" duration="0">
      <failure message="PrismaClientInitializationError: "><![CDATA[PrismaClientInitializationError: 
Invalid `prisma.user.create()` invocation in
/Users/udishkolnik/SmartStart/SmartStart/tests/security/security-comprehensive.test.js:50:58

  47 ];
  48 
  49 for (const level of rbacLevels) {
→ 50   testUsers[level.toLowerCase()] = await prisma.user.create(
User was denied access on the database `(not available)`
    at ei.handleRequestError (/Users/udishkolnik/SmartStart/SmartStart/node_modules/@prisma/client/src/runtime/RequestHandler.ts:242:13)
    at ei.handleAndLogRequestError (/Users/udishkolnik/SmartStart/SmartStart/node_modules/@prisma/client/src/runtime/RequestHandler.ts:174:12)
    at ei.request (/Users/udishkolnik/SmartStart/SmartStart/node_modules/@prisma/client/src/runtime/RequestHandler.ts:143:12)
    at a (/Users/udishkolnik/SmartStart/SmartStart/node_modules/@prisma/client/src/runtime/getPrismaClient.ts:833:24)
    at setupTestData (/Users/udishkolnik/SmartStart/SmartStart/tests/security/security-comprehensive.test.js:50:40)
    at Object.<anonymous> (/Users/udishkolnik/SmartStart/SmartStart/tests/security/security-comprehensive.test.js:32:5)]]></failure>
    </testCase>
    <testCase name="Comprehensive Security Testing Suite Authorization Security (RBAC) should validate role-based document access" duration="0">
      <failure message="PrismaClientInitializationError: "><![CDATA[PrismaClientInitializationError: 
Invalid `prisma.user.create()` invocation in
/Users/udishkolnik/SmartStart/SmartStart/tests/security/security-comprehensive.test.js:50:58

  47 ];
  48 
  49 for (const level of rbacLevels) {
→ 50   testUsers[level.toLowerCase()] = await prisma.user.create(
User was denied access on the database `(not available)`
    at ei.handleRequestError (/Users/udishkolnik/SmartStart/SmartStart/node_modules/@prisma/client/src/runtime/RequestHandler.ts:242:13)
    at ei.handleAndLogRequestError (/Users/udishkolnik/SmartStart/SmartStart/node_modules/@prisma/client/src/runtime/RequestHandler.ts:174:12)
    at ei.request (/Users/udishkolnik/SmartStart/SmartStart/node_modules/@prisma/client/src/runtime/RequestHandler.ts:143:12)
    at a (/Users/udishkolnik/SmartStart/SmartStart/node_modules/@prisma/client/src/runtime/getPrismaClient.ts:833:24)
    at setupTestData (/Users/udishkolnik/SmartStart/SmartStart/tests/security/security-comprehensive.test.js:50:40)
    at Object.<anonymous> (/Users/udishkolnik/SmartStart/SmartStart/tests/security/security-comprehensive.test.js:32:5)]]></failure>
    </testCase>
    <testCase name="Comprehensive Security Testing Suite Input Validation Security should prevent SQL injection attacks" duration="0">
      <failure message="PrismaClientInitializationError: "><![CDATA[PrismaClientInitializationError: 
Invalid `prisma.user.create()` invocation in
/Users/udishkolnik/SmartStart/SmartStart/tests/security/security-comprehensive.test.js:50:58

  47 ];
  48 
  49 for (const level of rbacLevels) {
→ 50   testUsers[level.toLowerCase()] = await prisma.user.create(
User was denied access on the database `(not available)`
    at ei.handleRequestError (/Users/udishkolnik/SmartStart/SmartStart/node_modules/@prisma/client/src/runtime/RequestHandler.ts:242:13)
    at ei.handleAndLogRequestError (/Users/udishkolnik/SmartStart/SmartStart/node_modules/@prisma/client/src/runtime/RequestHandler.ts:174:12)
    at ei.request (/Users/udishkolnik/SmartStart/SmartStart/node_modules/@prisma/client/src/runtime/RequestHandler.ts:143:12)
    at a (/Users/udishkolnik/SmartStart/SmartStart/node_modules/@prisma/client/src/runtime/getPrismaClient.ts:833:24)
    at setupTestData (/Users/udishkolnik/SmartStart/SmartStart/tests/security/security-comprehensive.test.js:50:40)
    at Object.<anonymous> (/Users/udishkolnik/SmartStart/SmartStart/tests/security/security-comprehensive.test.js:32:5)]]></failure>
    </testCase>
    <testCase name="Comprehensive Security Testing Suite Input Validation Security should prevent XSS attacks" duration="0">
      <failure message="PrismaClientInitializationError: "><![CDATA[PrismaClientInitializationError: 
Invalid `prisma.user.create()` invocation in
/Users/udishkolnik/SmartStart/SmartStart/tests/security/security-comprehensive.test.js:50:58

  47 ];
  48 
  49 for (const level of rbacLevels) {
→ 50   testUsers[level.toLowerCase()] = await prisma.user.create(
User was denied access on the database `(not available)`
    at ei.handleRequestError (/Users/udishkolnik/SmartStart/SmartStart/node_modules/@prisma/client/src/runtime/RequestHandler.ts:242:13)
    at ei.handleAndLogRequestError (/Users/udishkolnik/SmartStart/SmartStart/node_modules/@prisma/client/src/runtime/RequestHandler.ts:174:12)
    at ei.request (/Users/udishkolnik/SmartStart/SmartStart/node_modules/@prisma/client/src/runtime/RequestHandler.ts:143:12)
    at a (/Users/udishkolnik/SmartStart/SmartStart/node_modules/@prisma/client/src/runtime/getPrismaClient.ts:833:24)
    at setupTestData (/Users/udishkolnik/SmartStart/SmartStart/tests/security/security-comprehensive.test.js:50:40)
    at Object.<anonymous> (/Users/udishkolnik/SmartStart/SmartStart/tests/security/security-comprehensive.test.js:32:5)]]></failure>
    </testCase>
    <testCase name="Comprehensive Security Testing Suite Input Validation Security should validate input data types" duration="0">
      <failure message="PrismaClientInitializationError: "><![CDATA[PrismaClientInitializationError: 
Invalid `prisma.user.create()` invocation in
/Users/udishkolnik/SmartStart/SmartStart/tests/security/security-comprehensive.test.js:50:58

  47 ];
  48 
  49 for (const level of rbacLevels) {
→ 50   testUsers[level.toLowerCase()] = await prisma.user.create(
User was denied access on the database `(not available)`
    at ei.handleRequestError (/Users/udishkolnik/SmartStart/SmartStart/node_modules/@prisma/client/src/runtime/RequestHandler.ts:242:13)
    at ei.handleAndLogRequestError (/Users/udishkolnik/SmartStart/SmartStart/node_modules/@prisma/client/src/runtime/RequestHandler.ts:174:12)
    at ei.request (/Users/udishkolnik/SmartStart/SmartStart/node_modules/@prisma/client/src/runtime/RequestHandler.ts:143:12)
    at a (/Users/udishkolnik/SmartStart/SmartStart/node_modules/@prisma/client/src/runtime/getPrismaClient.ts:833:24)
    at setupTestData (/Users/udishkolnik/SmartStart/SmartStart/tests/security/security-comprehensive.test.js:50:40)
    at Object.<anonymous> (/Users/udishkolnik/SmartStart/SmartStart/tests/security/security-comprehensive.test.js:32:5)]]></failure>
    </testCase>
    <testCase name="Comprehensive Security Testing Suite Input Validation Security should enforce input length limits" duration="0">
      <failure message="PrismaClientInitializationError: "><![CDATA[PrismaClientInitializationError: 
Invalid `prisma.user.create()` invocation in
/Users/udishkolnik/SmartStart/SmartStart/tests/security/security-comprehensive.test.js:50:58

  47 ];
  48 
  49 for (const level of rbacLevels) {
→ 50   testUsers[level.toLowerCase()] = await prisma.user.create(
User was denied access on the database `(not available)`
    at ei.handleRequestError (/Users/udishkolnik/SmartStart/SmartStart/node_modules/@prisma/client/src/runtime/RequestHandler.ts:242:13)
    at ei.handleAndLogRequestError (/Users/udishkolnik/SmartStart/SmartStart/node_modules/@prisma/client/src/runtime/RequestHandler.ts:174:12)
    at ei.request (/Users/udishkolnik/SmartStart/SmartStart/node_modules/@prisma/client/src/runtime/RequestHandler.ts:143:12)
    at a (/Users/udishkolnik/SmartStart/SmartStart/node_modules/@prisma/client/src/runtime/getPrismaClient.ts:833:24)
    at setupTestData (/Users/udishkolnik/SmartStart/SmartStart/tests/security/security-comprehensive.test.js:50:40)
    at Object.<anonymous> (/Users/udishkolnik/SmartStart/SmartStart/tests/security/security-comprehensive.test.js:32:5)]]></failure>
    </testCase>
    <testCase name="Comprehensive Security Testing Suite Data Protection Security should encrypt sensitive data at rest" duration="0">
      <failure message="PrismaClientInitializationError: "><![CDATA[PrismaClientInitializationError: 
Invalid `prisma.user.create()` invocation in
/Users/udishkolnik/SmartStart/SmartStart/tests/security/security-comprehensive.test.js:50:58

  47 ];
  48 
  49 for (const level of rbacLevels) {
→ 50   testUsers[level.toLowerCase()] = await prisma.user.create(
User was denied access on the database `(not available)`
    at ei.handleRequestError (/Users/udishkolnik/SmartStart/SmartStart/node_modules/@prisma/client/src/runtime/RequestHandler.ts:242:13)
    at ei.handleAndLogRequestError (/Users/udishkolnik/SmartStart/SmartStart/node_modules/@prisma/client/src/runtime/RequestHandler.ts:174:12)
    at ei.request (/Users/udishkolnik/SmartStart/SmartStart/node_modules/@prisma/client/src/runtime/RequestHandler.ts:143:12)
    at a (/Users/udishkolnik/SmartStart/SmartStart/node_modules/@prisma/client/src/runtime/getPrismaClient.ts:833:24)
    at setupTestData (/Users/udishkolnik/SmartStart/SmartStart/tests/security/security-comprehensive.test.js:50:40)
    at Object.<anonymous> (/Users/udishkolnik/SmartStart/SmartStart/tests/security/security-comprehensive.test.js:32:5)]]></failure>
    </testCase>
    <testCase name="Comprehensive Security Testing Suite Data Protection Security should not expose sensitive data in responses" duration="0">
      <failure message="PrismaClientInitializationError: "><![CDATA[PrismaClientInitializationError: 
Invalid `prisma.user.create()` invocation in
/Users/udishkolnik/SmartStart/SmartStart/tests/security/security-comprehensive.test.js:50:58

  47 ];
  48 
  49 for (const level of rbacLevels) {
→ 50   testUsers[level.toLowerCase()] = await prisma.user.create(
User was denied access on the database `(not available)`
    at ei.handleRequestError (/Users/udishkolnik/SmartStart/SmartStart/node_modules/@prisma/client/src/runtime/RequestHandler.ts:242:13)
    at ei.handleAndLogRequestError (/Users/udishkolnik/SmartStart/SmartStart/node_modules/@prisma/client/src/runtime/RequestHandler.ts:174:12)
    at ei.request (/Users/udishkolnik/SmartStart/SmartStart/node_modules/@prisma/client/src/runtime/RequestHandler.ts:143:12)
    at a (/Users/udishkolnik/SmartStart/SmartStart/node_modules/@prisma/client/src/runtime/getPrismaClient.ts:833:24)
    at setupTestData (/Users/udishkolnik/SmartStart/SmartStart/tests/security/security-comprehensive.test.js:50:40)
    at Object.<anonymous> (/Users/udishkolnik/SmartStart/SmartStart/tests/security/security-comprehensive.test.js:32:5)]]></failure>
    </testCase>
    <testCase name="Comprehensive Security Testing Suite Data Protection Security should log security events" duration="0">
      <failure message="PrismaClientInitializationError: "><![CDATA[PrismaClientInitializationError: 
Invalid `prisma.user.create()` invocation in
/Users/udishkolnik/SmartStart/SmartStart/tests/security/security-comprehensive.test.js:50:58

  47 ];
  48 
  49 for (const level of rbacLevels) {
→ 50   testUsers[level.toLowerCase()] = await prisma.user.create(
User was denied access on the database `(not available)`
    at ei.handleRequestError (/Users/udishkolnik/SmartStart/SmartStart/node_modules/@prisma/client/src/runtime/RequestHandler.ts:242:13)
    at ei.handleAndLogRequestError (/Users/udishkolnik/SmartStart/SmartStart/node_modules/@prisma/client/src/runtime/RequestHandler.ts:174:12)
    at ei.request (/Users/udishkolnik/SmartStart/SmartStart/node_modules/@prisma/client/src/runtime/RequestHandler.ts:143:12)
    at a (/Users/udishkolnik/SmartStart/SmartStart/node_modules/@prisma/client/src/runtime/getPrismaClient.ts:833:24)
    at setupTestData (/Users/udishkolnik/SmartStart/SmartStart/tests/security/security-comprehensive.test.js:50:40)
    at Object.<anonymous> (/Users/udishkolnik/SmartStart/SmartStart/tests/security/security-comprehensive.test.js:32:5)]]></failure>
    </testCase>
    <testCase name="Comprehensive Security Testing Suite Rate Limiting Security should enforce rate limits on authentication endpoints" duration="0">
      <failure message="PrismaClientInitializationError: "><![CDATA[PrismaClientInitializationError: 
Invalid `prisma.user.create()` invocation in
/Users/udishkolnik/SmartStart/SmartStart/tests/security/security-comprehensive.test.js:50:58

  47 ];
  48 
  49 for (const level of rbacLevels) {
→ 50   testUsers[level.toLowerCase()] = await prisma.user.create(
User was denied access on the database `(not available)`
    at ei.handleRequestError (/Users/udishkolnik/SmartStart/SmartStart/node_modules/@prisma/client/src/runtime/RequestHandler.ts:242:13)
    at ei.handleAndLogRequestError (/Users/udishkolnik/SmartStart/SmartStart/node_modules/@prisma/client/src/runtime/RequestHandler.ts:174:12)
    at ei.request (/Users/udishkolnik/SmartStart/SmartStart/node_modules/@prisma/client/src/runtime/RequestHandler.ts:143:12)
    at a (/Users/udishkolnik/SmartStart/SmartStart/node_modules/@prisma/client/src/runtime/getPrismaClient.ts:833:24)
    at setupTestData (/Users/udishkolnik/SmartStart/SmartStart/tests/security/security-comprehensive.test.js:50:40)
    at Object.<anonymous> (/Users/udishkolnik/SmartStart/SmartStart/tests/security/security-comprehensive.test.js:32:5)]]></failure>
    </testCase>
    <testCase name="Comprehensive Security Testing Suite Rate Limiting Security should enforce rate limits on API endpoints" duration="0">
      <failure message="PrismaClientInitializationError: "><![CDATA[PrismaClientInitializationError: 
Invalid `prisma.user.create()` invocation in
/Users/udishkolnik/SmartStart/SmartStart/tests/security/security-comprehensive.test.js:50:58

  47 ];
  48 
  49 for (const level of rbacLevels) {
→ 50   testUsers[level.toLowerCase()] = await prisma.user.create(
User was denied access on the database `(not available)`
    at ei.handleRequestError (/Users/udishkolnik/SmartStart/SmartStart/node_modules/@prisma/client/src/runtime/RequestHandler.ts:242:13)
    at ei.handleAndLogRequestError (/Users/udishkolnik/SmartStart/SmartStart/node_modules/@prisma/client/src/runtime/RequestHandler.ts:174:12)
    at ei.request (/Users/udishkolnik/SmartStart/SmartStart/node_modules/@prisma/client/src/runtime/RequestHandler.ts:143:12)
    at a (/Users/udishkolnik/SmartStart/SmartStart/node_modules/@prisma/client/src/runtime/getPrismaClient.ts:833:24)
    at setupTestData (/Users/udishkolnik/SmartStart/SmartStart/tests/security/security-comprehensive.test.js:50:40)
    at Object.<anonymous> (/Users/udishkolnik/SmartStart/SmartStart/tests/security/security-comprehensive.test.js:32:5)]]></failure>
    </testCase>
    <testCase name="Comprehensive Security Testing Suite Session Security should invalidate tokens on logout" duration="0">
      <failure message="PrismaClientInitializationError: "><![CDATA[PrismaClientInitializationError: 
Invalid `prisma.user.create()` invocation in
/Users/udishkolnik/SmartStart/SmartStart/tests/security/security-comprehensive.test.js:50:58

  47 ];
  48 
  49 for (const level of rbacLevels) {
→ 50   testUsers[level.toLowerCase()] = await prisma.user.create(
User was denied access on the database `(not available)`
    at ei.handleRequestError (/Users/udishkolnik/SmartStart/SmartStart/node_modules/@prisma/client/src/runtime/RequestHandler.ts:242:13)
    at ei.handleAndLogRequestError (/Users/udishkolnik/SmartStart/SmartStart/node_modules/@prisma/client/src/runtime/RequestHandler.ts:174:12)
    at ei.request (/Users/udishkolnik/SmartStart/SmartStart/node_modules/@prisma/client/src/runtime/RequestHandler.ts:143:12)
    at a (/Users/udishkolnik/SmartStart/SmartStart/node_modules/@prisma/client/src/runtime/getPrismaClient.ts:833:24)
    at setupTestData (/Users/udishkolnik/SmartStart/SmartStart/tests/security/security-comprehensive.test.js:50:40)
    at Object.<anonymous> (/Users/udishkolnik/SmartStart/SmartStart/tests/security/security-comprehensive.test.js:32:5)]]></failure>
    </testCase>
    <testCase name="Comprehensive Security Testing Suite Session Security should handle concurrent sessions" duration="0">
      <failure message="PrismaClientInitializationError: "><![CDATA[PrismaClientInitializationError: 
Invalid `prisma.user.create()` invocation in
/Users/udishkolnik/SmartStart/SmartStart/tests/security/security-comprehensive.test.js:50:58

  47 ];
  48 
  49 for (const level of rbacLevels) {
→ 50   testUsers[level.toLowerCase()] = await prisma.user.create(
User was denied access on the database `(not available)`
    at ei.handleRequestError (/Users/udishkolnik/SmartStart/SmartStart/node_modules/@prisma/client/src/runtime/RequestHandler.ts:242:13)
    at ei.handleAndLogRequestError (/Users/udishkolnik/SmartStart/SmartStart/node_modules/@prisma/client/src/runtime/RequestHandler.ts:174:12)
    at ei.request (/Users/udishkolnik/SmartStart/SmartStart/node_modules/@prisma/client/src/runtime/RequestHandler.ts:143:12)
    at a (/Users/udishkolnik/SmartStart/SmartStart/node_modules/@prisma/client/src/runtime/getPrismaClient.ts:833:24)
    at setupTestData (/Users/udishkolnik/SmartStart/SmartStart/tests/security/security-comprehensive.test.js:50:40)
    at Object.<anonymous> (/Users/udishkolnik/SmartStart/SmartStart/tests/security/security-comprehensive.test.js:32:5)]]></failure>
    </testCase>
    <testCase name="Comprehensive Security Testing Suite API Security should prevent unauthorized API access" duration="0">
      <failure message="PrismaClientInitializationError: "><![CDATA[PrismaClientInitializationError: 
Invalid `prisma.user.create()` invocation in
/Users/udishkolnik/SmartStart/SmartStart/tests/security/security-comprehensive.test.js:50:58

  47 ];
  48 
  49 for (const level of rbacLevels) {
→ 50   testUsers[level.toLowerCase()] = await prisma.user.create(
User was denied access on the database `(not available)`
    at ei.handleRequestError (/Users/udishkolnik/SmartStart/SmartStart/node_modules/@prisma/client/src/runtime/RequestHandler.ts:242:13)
    at ei.handleAndLogRequestError (/Users/udishkolnik/SmartStart/SmartStart/node_modules/@prisma/client/src/runtime/RequestHandler.ts:174:12)
    at ei.request (/Users/udishkolnik/SmartStart/SmartStart/node_modules/@prisma/client/src/runtime/RequestHandler.ts:143:12)
    at a (/Users/udishkolnik/SmartStart/SmartStart/node_modules/@prisma/client/src/runtime/getPrismaClient.ts:833:24)
    at setupTestData (/Users/udishkolnik/SmartStart/SmartStart/tests/security/security-comprehensive.test.js:50:40)
    at Object.<anonymous> (/Users/udishkolnik/SmartStart/SmartStart/tests/security/security-comprehensive.test.js:32:5)]]></failure>
    </testCase>
    <testCase name="Comprehensive Security Testing Suite API Security should validate request headers" duration="0">
      <failure message="PrismaClientInitializationError: "><![CDATA[PrismaClientInitializationError: 
Invalid `prisma.user.create()` invocation in
/Users/udishkolnik/SmartStart/SmartStart/tests/security/security-comprehensive.test.js:50:58

  47 ];
  48 
  49 for (const level of rbacLevels) {
→ 50   testUsers[level.toLowerCase()] = await prisma.user.create(
User was denied access on the database `(not available)`
    at ei.handleRequestError (/Users/udishkolnik/SmartStart/SmartStart/node_modules/@prisma/client/src/runtime/RequestHandler.ts:242:13)
    at ei.handleAndLogRequestError (/Users/udishkolnik/SmartStart/SmartStart/node_modules/@prisma/client/src/runtime/RequestHandler.ts:174:12)
    at ei.request (/Users/udishkolnik/SmartStart/SmartStart/node_modules/@prisma/client/src/runtime/RequestHandler.ts:143:12)
    at a (/Users/udishkolnik/SmartStart/SmartStart/node_modules/@prisma/client/src/runtime/getPrismaClient.ts:833:24)
    at setupTestData (/Users/udishkolnik/SmartStart/SmartStart/tests/security/security-comprehensive.test.js:50:40)
    at Object.<anonymous> (/Users/udishkolnik/SmartStart/SmartStart/tests/security/security-comprehensive.test.js:32:5)]]></failure>
    </testCase>
    <testCase name="Comprehensive Security Testing Suite API Security should handle malformed JSON" duration="0">
      <failure message="PrismaClientInitializationError: "><![CDATA[PrismaClientInitializationError: 
Invalid `prisma.user.create()` invocation in
/Users/udishkolnik/SmartStart/SmartStart/tests/security/security-comprehensive.test.js:50:58

  47 ];
  48 
  49 for (const level of rbacLevels) {
→ 50   testUsers[level.toLowerCase()] = await prisma.user.create(
User was denied access on the database `(not available)`
    at ei.handleRequestError (/Users/udishkolnik/SmartStart/SmartStart/node_modules/@prisma/client/src/runtime/RequestHandler.ts:242:13)
    at ei.handleAndLogRequestError (/Users/udishkolnik/SmartStart/SmartStart/node_modules/@prisma/client/src/runtime/RequestHandler.ts:174:12)
    at ei.request (/Users/udishkolnik/SmartStart/SmartStart/node_modules/@prisma/client/src/runtime/RequestHandler.ts:143:12)
    at a (/Users/udishkolnik/SmartStart/SmartStart/node_modules/@prisma/client/src/runtime/getPrismaClient.ts:833:24)
    at setupTestData (/Users/udishkolnik/SmartStart/SmartStart/tests/security/security-comprehensive.test.js:50:40)
    at Object.<anonymous> (/Users/udishkolnik/SmartStart/SmartStart/tests/security/security-comprehensive.test.js:32:5)]]></failure>
    </testCase>
    <testCase name="Comprehensive Security Testing Suite Business Logic Security should prevent unauthorized venture access" duration="0">
      <failure message="PrismaClientInitializationError: "><![CDATA[PrismaClientInitializationError: 
Invalid `prisma.user.create()` invocation in
/Users/udishkolnik/SmartStart/SmartStart/tests/security/security-comprehensive.test.js:50:58

  47 ];
  48 
  49 for (const level of rbacLevels) {
→ 50   testUsers[level.toLowerCase()] = await prisma.user.create(
User was denied access on the database `(not available)`
    at ei.handleRequestError (/Users/udishkolnik/SmartStart/SmartStart/node_modules/@prisma/client/src/runtime/RequestHandler.ts:242:13)
    at ei.handleAndLogRequestError (/Users/udishkolnik/SmartStart/SmartStart/node_modules/@prisma/client/src/runtime/RequestHandler.ts:174:12)
    at ei.request (/Users/udishkolnik/SmartStart/SmartStart/node_modules/@prisma/client/src/runtime/RequestHandler.ts:143:12)
    at a (/Users/udishkolnik/SmartStart/SmartStart/node_modules/@prisma/client/src/runtime/getPrismaClient.ts:833:24)
    at setupTestData (/Users/udishkolnik/SmartStart/SmartStart/tests/security/security-comprehensive.test.js:50:40)
    at Object.<anonymous> (/Users/udishkolnik/SmartStart/SmartStart/tests/security/security-comprehensive.test.js:32:5)]]></failure>
    </testCase>
    <testCase name="Comprehensive Security Testing Suite Business Logic Security should prevent unauthorized company access" duration="0">
      <failure message="PrismaClientInitializationError: "><![CDATA[PrismaClientInitializationError: 
Invalid `prisma.user.create()` invocation in
/Users/udishkolnik/SmartStart/SmartStart/tests/security/security-comprehensive.test.js:50:58

  47 ];
  48 
  49 for (const level of rbacLevels) {
→ 50   testUsers[level.toLowerCase()] = await prisma.user.create(
User was denied access on the database `(not available)`
    at ei.handleRequestError (/Users/udishkolnik/SmartStart/SmartStart/node_modules/@prisma/client/src/runtime/RequestHandler.ts:242:13)
    at ei.handleAndLogRequestError (/Users/udishkolnik/SmartStart/SmartStart/node_modules/@prisma/client/src/runtime/RequestHandler.ts:174:12)
    at ei.request (/Users/udishkolnik/SmartStart/SmartStart/node_modules/@prisma/client/src/runtime/RequestHandler.ts:143:12)
    at a (/Users/udishkolnik/SmartStart/SmartStart/node_modules/@prisma/client/src/runtime/getPrismaClient.ts:833:24)
    at setupTestData (/Users/udishkolnik/SmartStart/SmartStart/tests/security/security-comprehensive.test.js:50:40)
    at Object.<anonymous> (/Users/udishkolnik/SmartStart/SmartStart/tests/security/security-comprehensive.test.js:32:5)]]></failure>
    </testCase>
    <testCase name="Comprehensive Security Testing Suite Business Logic Security should validate business rules" duration="0">
      <failure message="PrismaClientInitializationError: "><![CDATA[PrismaClientInitializationError: 
Invalid `prisma.user.create()` invocation in
/Users/udishkolnik/SmartStart/SmartStart/tests/security/security-comprehensive.test.js:50:58

  47 ];
  48 
  49 for (const level of rbacLevels) {
→ 50   testUsers[level.toLowerCase()] = await prisma.user.create(
User was denied access on the database `(not available)`
    at ei.handleRequestError (/Users/udishkolnik/SmartStart/SmartStart/node_modules/@prisma/client/src/runtime/RequestHandler.ts:242:13)
    at ei.handleAndLogRequestError (/Users/udishkolnik/SmartStart/SmartStart/node_modules/@prisma/client/src/runtime/RequestHandler.ts:174:12)
    at ei.request (/Users/udishkolnik/SmartStart/SmartStart/node_modules/@prisma/client/src/runtime/RequestHandler.ts:143:12)
    at a (/Users/udishkolnik/SmartStart/SmartStart/node_modules/@prisma/client/src/runtime/getPrismaClient.ts:833:24)
    at setupTestData (/Users/udishkolnik/SmartStart/SmartStart/tests/security/security-comprehensive.test.js:50:40)
    at Object.<anonymous> (/Users/udishkolnik/SmartStart/SmartStart/tests/security/security-comprehensive.test.js:32:5)]]></failure>
    </testCase>
  </file>
  <file path="/Users/udishkolnik/SmartStart/SmartStart/tests/performance/performance-comprehensive.test.js">
  </file>
  <file path="/Users/udishkolnik/SmartStart/SmartStart/tests/venture-management/venture-management.test.js">
    <testCase name="Venture Management System Timeline Management should create venture timeline" duration="0">
      <failure message="PrismaClientInitializationError: "><![CDATA[PrismaClientInitializationError: 
Invalid `prisma.user.create()` invocation in
/Users/udishkolnik/SmartStart/SmartStart/tests/venture-management/venture-management.test.js:25:34

  22 prisma = new PrismaClient();
  23 
  24 // Create test user
→ 25 testUser = await prisma.user.create(
User was denied access on the database `(not available)`
    at ei.handleRequestError (/Users/udishkolnik/SmartStart/SmartStart/node_modules/@prisma/client/src/runtime/RequestHandler.ts:242:13)
    at ei.handleAndLogRequestError (/Users/udishkolnik/SmartStart/SmartStart/node_modules/@prisma/client/src/runtime/RequestHandler.ts:174:12)
    at ei.request (/Users/udishkolnik/SmartStart/SmartStart/node_modules/@prisma/client/src/runtime/RequestHandler.ts:143:12)
    at a (/Users/udishkolnik/SmartStart/SmartStart/node_modules/@prisma/client/src/runtime/getPrismaClient.ts:833:24)
    at Object.<anonymous> (/Users/udishkolnik/SmartStart/SmartStart/tests/venture-management/venture-management.test.js:25:16)]]></failure>
    </testCase>
    <testCase name="Venture Management System Timeline Management should get venture timeline" duration="0">
      <failure message="PrismaClientInitializationError: "><![CDATA[PrismaClientInitializationError: 
Invalid `prisma.user.create()` invocation in
/Users/udishkolnik/SmartStart/SmartStart/tests/venture-management/venture-management.test.js:25:34

  22 prisma = new PrismaClient();
  23 
  24 // Create test user
→ 25 testUser = await prisma.user.create(
User was denied access on the database `(not available)`
    at ei.handleRequestError (/Users/udishkolnik/SmartStart/SmartStart/node_modules/@prisma/client/src/runtime/RequestHandler.ts:242:13)
    at ei.handleAndLogRequestError (/Users/udishkolnik/SmartStart/SmartStart/node_modules/@prisma/client/src/runtime/RequestHandler.ts:174:12)
    at ei.request (/Users/udishkolnik/SmartStart/SmartStart/node_modules/@prisma/client/src/runtime/RequestHandler.ts:143:12)
    at a (/Users/udishkolnik/SmartStart/SmartStart/node_modules/@prisma/client/src/runtime/getPrismaClient.ts:833:24)
    at Object.<anonymous> (/Users/udishkolnik/SmartStart/SmartStart/tests/venture-management/venture-management.test.js:25:16)]]></failure>
    </testCase>
    <testCase name="Venture Management System Timeline Management should create milestone" duration="0">
      <failure message="PrismaClientInitializationError: "><![CDATA[PrismaClientInitializationError: 
Invalid `prisma.user.create()` invocation in
/Users/udishkolnik/SmartStart/SmartStart/tests/venture-management/venture-management.test.js:25:34

  22 prisma = new PrismaClient();
  23 
  24 // Create test user
→ 25 testUser = await prisma.user.create(
User was denied access on the database `(not available)`
    at ei.handleRequestError (/Users/udishkolnik/SmartStart/SmartStart/node_modules/@prisma/client/src/runtime/RequestHandler.ts:242:13)
    at ei.handleAndLogRequestError (/Users/udishkolnik/SmartStart/SmartStart/node_modules/@prisma/client/src/runtime/RequestHandler.ts:174:12)
    at ei.request (/Users/udishkolnik/SmartStart/SmartStart/node_modules/@prisma/client/src/runtime/RequestHandler.ts:143:12)
    at a (/Users/udishkolnik/SmartStart/SmartStart/node_modules/@prisma/client/src/runtime/getPrismaClient.ts:833:24)
    at Object.<anonymous> (/Users/udishkolnik/SmartStart/SmartStart/tests/venture-management/venture-management.test.js:25:16)]]></failure>
    </testCase>
    <testCase name="Venture Management System Timeline Management should update milestone status" duration="0">
      <failure message="PrismaClientInitializationError: "><![CDATA[PrismaClientInitializationError: 
Invalid `prisma.user.create()` invocation in
/Users/udishkolnik/SmartStart/SmartStart/tests/venture-management/venture-management.test.js:25:34

  22 prisma = new PrismaClient();
  23 
  24 // Create test user
→ 25 testUser = await prisma.user.create(
User was denied access on the database `(not available)`
    at ei.handleRequestError (/Users/udishkolnik/SmartStart/SmartStart/node_modules/@prisma/client/src/runtime/RequestHandler.ts:242:13)
    at ei.handleAndLogRequestError (/Users/udishkolnik/SmartStart/SmartStart/node_modules/@prisma/client/src/runtime/RequestHandler.ts:174:12)
    at ei.request (/Users/udishkolnik/SmartStart/SmartStart/node_modules/@prisma/client/src/runtime/RequestHandler.ts:143:12)
    at a (/Users/udishkolnik/SmartStart/SmartStart/node_modules/@prisma/client/src/runtime/getPrismaClient.ts:833:24)
    at Object.<anonymous> (/Users/udishkolnik/SmartStart/SmartStart/tests/venture-management/venture-management.test.js:25:16)]]></failure>
    </testCase>
    <testCase name="Venture Management System Daily Check-ins should create daily check-in" duration="0">
      <failure message="PrismaClientInitializationError: "><![CDATA[PrismaClientInitializationError: 
Invalid `prisma.user.create()` invocation in
/Users/udishkolnik/SmartStart/SmartStart/tests/venture-management/venture-management.test.js:25:34

  22 prisma = new PrismaClient();
  23 
  24 // Create test user
→ 25 testUser = await prisma.user.create(
User was denied access on the database `(not available)`
    at ei.handleRequestError (/Users/udishkolnik/SmartStart/SmartStart/node_modules/@prisma/client/src/runtime/RequestHandler.ts:242:13)
    at ei.handleAndLogRequestError (/Users/udishkolnik/SmartStart/SmartStart/node_modules/@prisma/client/src/runtime/RequestHandler.ts:174:12)
    at ei.request (/Users/udishkolnik/SmartStart/SmartStart/node_modules/@prisma/client/src/runtime/RequestHandler.ts:143:12)
    at a (/Users/udishkolnik/SmartStart/SmartStart/node_modules/@prisma/client/src/runtime/getPrismaClient.ts:833:24)
    at Object.<anonymous> (/Users/udishkolnik/SmartStart/SmartStart/tests/venture-management/venture-management.test.js:25:16)]]></failure>
    </testCase>
    <testCase name="Venture Management System Sprint Management should create sprint" duration="0">
      <failure message="PrismaClientInitializationError: "><![CDATA[PrismaClientInitializationError: 
Invalid `prisma.user.create()` invocation in
/Users/udishkolnik/SmartStart/SmartStart/tests/venture-management/venture-management.test.js:25:34

  22 prisma = new PrismaClient();
  23 
  24 // Create test user
→ 25 testUser = await prisma.user.create(
User was denied access on the database `(not available)`
    at ei.handleRequestError (/Users/udishkolnik/SmartStart/SmartStart/node_modules/@prisma/client/src/runtime/RequestHandler.ts:242:13)
    at ei.handleAndLogRequestError (/Users/udishkolnik/SmartStart/SmartStart/node_modules/@prisma/client/src/runtime/RequestHandler.ts:174:12)
    at ei.request (/Users/udishkolnik/SmartStart/SmartStart/node_modules/@prisma/client/src/runtime/RequestHandler.ts:143:12)
    at a (/Users/udishkolnik/SmartStart/SmartStart/node_modules/@prisma/client/src/runtime/getPrismaClient.ts:833:24)
    at Object.<anonymous> (/Users/udishkolnik/SmartStart/SmartStart/tests/venture-management/venture-management.test.js:25:16)]]></failure>
    </testCase>
    <testCase name="Venture Management System Sprint Management should get sprints" duration="0">
      <failure message="PrismaClientInitializationError: "><![CDATA[PrismaClientInitializationError: 
Invalid `prisma.user.create()` invocation in
/Users/udishkolnik/SmartStart/SmartStart/tests/venture-management/venture-management.test.js:25:34

  22 prisma = new PrismaClient();
  23 
  24 // Create test user
→ 25 testUser = await prisma.user.create(
User was denied access on the database `(not available)`
    at ei.handleRequestError (/Users/udishkolnik/SmartStart/SmartStart/node_modules/@prisma/client/src/runtime/RequestHandler.ts:242:13)
    at ei.handleAndLogRequestError (/Users/udishkolnik/SmartStart/SmartStart/node_modules/@prisma/client/src/runtime/RequestHandler.ts:174:12)
    at ei.request (/Users/udishkolnik/SmartStart/SmartStart/node_modules/@prisma/client/src/runtime/RequestHandler.ts:143:12)
    at a (/Users/udishkolnik/SmartStart/SmartStart/node_modules/@prisma/client/src/runtime/getPrismaClient.ts:833:24)
    at Object.<anonymous> (/Users/udishkolnik/SmartStart/SmartStart/tests/venture-management/venture-management.test.js:25:16)]]></failure>
    </testCase>
    <testCase name="Venture Management System Sprint Management should create sprint task" duration="0">
      <failure message="PrismaClientInitializationError: "><![CDATA[PrismaClientInitializationError: 
Invalid `prisma.user.create()` invocation in
/Users/udishkolnik/SmartStart/SmartStart/tests/venture-management/venture-management.test.js:25:34

  22 prisma = new PrismaClient();
  23 
  24 // Create test user
→ 25 testUser = await prisma.user.create(
User was denied access on the database `(not available)`
    at ei.handleRequestError (/Users/udishkolnik/SmartStart/SmartStart/node_modules/@prisma/client/src/runtime/RequestHandler.ts:242:13)
    at ei.handleAndLogRequestError (/Users/udishkolnik/SmartStart/SmartStart/node_modules/@prisma/client/src/runtime/RequestHandler.ts:174:12)
    at ei.request (/Users/udishkolnik/SmartStart/SmartStart/node_modules/@prisma/client/src/runtime/RequestHandler.ts:143:12)
    at a (/Users/udishkolnik/SmartStart/SmartStart/node_modules/@prisma/client/src/runtime/getPrismaClient.ts:833:24)
    at Object.<anonymous> (/Users/udishkolnik/SmartStart/SmartStart/tests/venture-management/venture-management.test.js:25:16)]]></failure>
    </testCase>
    <testCase name="Venture Management System Sprint Management should update task status" duration="0">
      <failure message="PrismaClientInitializationError: "><![CDATA[PrismaClientInitializationError: 
Invalid `prisma.user.create()` invocation in
/Users/udishkolnik/SmartStart/SmartStart/tests/venture-management/venture-management.test.js:25:34

  22 prisma = new PrismaClient();
  23 
  24 // Create test user
→ 25 testUser = await prisma.user.create(
User was denied access on the database `(not available)`
    at ei.handleRequestError (/Users/udishkolnik/SmartStart/SmartStart/node_modules/@prisma/client/src/runtime/RequestHandler.ts:242:13)
    at ei.handleAndLogRequestError (/Users/udishkolnik/SmartStart/SmartStart/node_modules/@prisma/client/src/runtime/RequestHandler.ts:174:12)
    at ei.request (/Users/udishkolnik/SmartStart/SmartStart/node_modules/@prisma/client/src/runtime/RequestHandler.ts:143:12)
    at a (/Users/udishkolnik/SmartStart/SmartStart/node_modules/@prisma/client/src/runtime/getPrismaClient.ts:833:24)
    at Object.<anonymous> (/Users/udishkolnik/SmartStart/SmartStart/tests/venture-management/venture-management.test.js:25:16)]]></failure>
    </testCase>
    <testCase name="Venture Management System Risk Management should create risk" duration="0">
      <failure message="PrismaClientInitializationError: "><![CDATA[PrismaClientInitializationError: 
Invalid `prisma.user.create()` invocation in
/Users/udishkolnik/SmartStart/SmartStart/tests/venture-management/venture-management.test.js:25:34

  22 prisma = new PrismaClient();
  23 
  24 // Create test user
→ 25 testUser = await prisma.user.create(
User was denied access on the database `(not available)`
    at ei.handleRequestError (/Users/udishkolnik/SmartStart/SmartStart/node_modules/@prisma/client/src/runtime/RequestHandler.ts:242:13)
    at ei.handleAndLogRequestError (/Users/udishkolnik/SmartStart/SmartStart/node_modules/@prisma/client/src/runtime/RequestHandler.ts:174:12)
    at ei.request (/Users/udishkolnik/SmartStart/SmartStart/node_modules/@prisma/client/src/runtime/RequestHandler.ts:143:12)
    at a (/Users/udishkolnik/SmartStart/SmartStart/node_modules/@prisma/client/src/runtime/getPrismaClient.ts:833:24)
    at Object.<anonymous> (/Users/udishkolnik/SmartStart/SmartStart/tests/venture-management/venture-management.test.js:25:16)]]></failure>
    </testCase>
    <testCase name="Venture Management System Risk Management should get risks" duration="1">
      <failure message="PrismaClientInitializationError: "><![CDATA[PrismaClientInitializationError: 
Invalid `prisma.user.create()` invocation in
/Users/udishkolnik/SmartStart/SmartStart/tests/venture-management/venture-management.test.js:25:34

  22 prisma = new PrismaClient();
  23 
  24 // Create test user
→ 25 testUser = await prisma.user.create(
User was denied access on the database `(not available)`
    at ei.handleRequestError (/Users/udishkolnik/SmartStart/SmartStart/node_modules/@prisma/client/src/runtime/RequestHandler.ts:242:13)
    at ei.handleAndLogRequestError (/Users/udishkolnik/SmartStart/SmartStart/node_modules/@prisma/client/src/runtime/RequestHandler.ts:174:12)
    at ei.request (/Users/udishkolnik/SmartStart/SmartStart/node_modules/@prisma/client/src/runtime/RequestHandler.ts:143:12)
    at a (/Users/udishkolnik/SmartStart/SmartStart/node_modules/@prisma/client/src/runtime/getPrismaClient.ts:833:24)
    at Object.<anonymous> (/Users/udishkolnik/SmartStart/SmartStart/tests/venture-management/venture-management.test.js:25:16)]]></failure>
    </testCase>
    <testCase name="Venture Management System Analytics should get venture analytics" duration="0">
      <failure message="PrismaClientInitializationError: "><![CDATA[PrismaClientInitializationError: 
Invalid `prisma.user.create()` invocation in
/Users/udishkolnik/SmartStart/SmartStart/tests/venture-management/venture-management.test.js:25:34

  22 prisma = new PrismaClient();
  23 
  24 // Create test user
→ 25 testUser = await prisma.user.create(
User was denied access on the database `(not available)`
    at ei.handleRequestError (/Users/udishkolnik/SmartStart/SmartStart/node_modules/@prisma/client/src/runtime/RequestHandler.ts:242:13)
    at ei.handleAndLogRequestError (/Users/udishkolnik/SmartStart/SmartStart/node_modules/@prisma/client/src/runtime/RequestHandler.ts:174:12)
    at ei.request (/Users/udishkolnik/SmartStart/SmartStart/node_modules/@prisma/client/src/runtime/RequestHandler.ts:143:12)
    at a (/Users/udishkolnik/SmartStart/SmartStart/node_modules/@prisma/client/src/runtime/getPrismaClient.ts:833:24)
    at Object.<anonymous> (/Users/udishkolnik/SmartStart/SmartStart/tests/venture-management/venture-management.test.js:25:16)]]></failure>
    </testCase>
    <testCase name="Venture Management System Error Handling should return 404 for non-existent venture" duration="0">
      <failure message="PrismaClientInitializationError: "><![CDATA[PrismaClientInitializationError: 
Invalid `prisma.user.create()` invocation in
/Users/udishkolnik/SmartStart/SmartStart/tests/venture-management/venture-management.test.js:25:34

  22 prisma = new PrismaClient();
  23 
  24 // Create test user
→ 25 testUser = await prisma.user.create(
User was denied access on the database `(not available)`
    at ei.handleRequestError (/Users/udishkolnik/SmartStart/SmartStart/node_modules/@prisma/client/src/runtime/RequestHandler.ts:242:13)
    at ei.handleAndLogRequestError (/Users/udishkolnik/SmartStart/SmartStart/node_modules/@prisma/client/src/runtime/RequestHandler.ts:174:12)
    at ei.request (/Users/udishkolnik/SmartStart/SmartStart/node_modules/@prisma/client/src/runtime/RequestHandler.ts:143:12)
    at a (/Users/udishkolnik/SmartStart/SmartStart/node_modules/@prisma/client/src/runtime/getPrismaClient.ts:833:24)
    at Object.<anonymous> (/Users/udishkolnik/SmartStart/SmartStart/tests/venture-management/venture-management.test.js:25:16)]]></failure>
    </testCase>
    <testCase name="Venture Management System Error Handling should return 401 for unauthenticated request" duration="0">
      <failure message="PrismaClientInitializationError: "><![CDATA[PrismaClientInitializationError: 
Invalid `prisma.user.create()` invocation in
/Users/udishkolnik/SmartStart/SmartStart/tests/venture-management/venture-management.test.js:25:34

  22 prisma = new PrismaClient();
  23 
  24 // Create test user
→ 25 testUser = await prisma.user.create(
User was denied access on the database `(not available)`
    at ei.handleRequestError (/Users/udishkolnik/SmartStart/SmartStart/node_modules/@prisma/client/src/runtime/RequestHandler.ts:242:13)
    at ei.handleAndLogRequestError (/Users/udishkolnik/SmartStart/SmartStart/node_modules/@prisma/client/src/runtime/RequestHandler.ts:174:12)
    at ei.request (/Users/udishkolnik/SmartStart/SmartStart/node_modules/@prisma/client/src/runtime/RequestHandler.ts:143:12)
    at a (/Users/udishkolnik/SmartStart/SmartStart/node_modules/@prisma/client/src/runtime/getPrismaClient.ts:833:24)
    at Object.<anonymous> (/Users/udishkolnik/SmartStart/SmartStart/tests/venture-management/venture-management.test.js:25:16)]]></failure>
    </testCase>
    <testCase name="Venture Management System Error Handling should return 400 for invalid timeline data" duration="0">
      <failure message="PrismaClientInitializationError: "><![CDATA[PrismaClientInitializationError: 
Invalid `prisma.user.create()` invocation in
/Users/udishkolnik/SmartStart/SmartStart/tests/venture-management/venture-management.test.js:25:34

  22 prisma = new PrismaClient();
  23 
  24 // Create test user
→ 25 testUser = await prisma.user.create(
User was denied access on the database `(not available)`
    at ei.handleRequestError (/Users/udishkolnik/SmartStart/SmartStart/node_modules/@prisma/client/src/runtime/RequestHandler.ts:242:13)
    at ei.handleAndLogRequestError (/Users/udishkolnik/SmartStart/SmartStart/node_modules/@prisma/client/src/runtime/RequestHandler.ts:174:12)
    at ei.request (/Users/udishkolnik/SmartStart/SmartStart/node_modules/@prisma/client/src/runtime/RequestHandler.ts:143:12)
    at a (/Users/udishkolnik/SmartStart/SmartStart/node_modules/@prisma/client/src/runtime/getPrismaClient.ts:833:24)
    at Object.<anonymous> (/Users/udishkolnik/SmartStart/SmartStart/tests/venture-management/venture-management.test.js:25:16)]]></failure>
    </testCase>
    <testCase name="Venture Management System Data Integrity should maintain referential integrity on venture deletion" duration="0">
      <failure message="PrismaClientInitializationError: "><![CDATA[PrismaClientInitializationError: 
Invalid `prisma.user.create()` invocation in
/Users/udishkolnik/SmartStart/SmartStart/tests/venture-management/venture-management.test.js:25:34

  22 prisma = new PrismaClient();
  23 
  24 // Create test user
→ 25 testUser = await prisma.user.create(
User was denied access on the database `(not available)`
    at ei.handleRequestError (/Users/udishkolnik/SmartStart/SmartStart/node_modules/@prisma/client/src/runtime/RequestHandler.ts:242:13)
    at ei.handleAndLogRequestError (/Users/udishkolnik/SmartStart/SmartStart/node_modules/@prisma/client/src/runtime/RequestHandler.ts:174:12)
    at ei.request (/Users/udishkolnik/SmartStart/SmartStart/node_modules/@prisma/client/src/runtime/RequestHandler.ts:143:12)
    at a (/Users/udishkolnik/SmartStart/SmartStart/node_modules/@prisma/client/src/runtime/getPrismaClient.ts:833:24)
    at Object.<anonymous> (/Users/udishkolnik/SmartStart/SmartStart/tests/venture-management/venture-management.test.js:25:16)]]></failure>
    </testCase>
    <testCase name="Venture Management System Data Integrity should prevent duplicate timeline creation" duration="0">
      <failure message="PrismaClientInitializationError: "><![CDATA[PrismaClientInitializationError: 
Invalid `prisma.user.create()` invocation in
/Users/udishkolnik/SmartStart/SmartStart/tests/venture-management/venture-management.test.js:25:34

  22 prisma = new PrismaClient();
  23 
  24 // Create test user
→ 25 testUser = await prisma.user.create(
User was denied access on the database `(not available)`
    at ei.handleRequestError (/Users/udishkolnik/SmartStart/SmartStart/node_modules/@prisma/client/src/runtime/RequestHandler.ts:242:13)
    at ei.handleAndLogRequestError (/Users/udishkolnik/SmartStart/SmartStart/node_modules/@prisma/client/src/runtime/RequestHandler.ts:174:12)
    at ei.request (/Users/udishkolnik/SmartStart/SmartStart/node_modules/@prisma/client/src/runtime/RequestHandler.ts:143:12)
    at a (/Users/udishkolnik/SmartStart/SmartStart/node_modules/@prisma/client/src/runtime/getPrismaClient.ts:833:24)
    at Object.<anonymous> (/Users/udishkolnik/SmartStart/SmartStart/tests/venture-management/venture-management.test.js:25:16)]]></failure>
    </testCase>
  </file>
  <file path="/Users/udishkolnik/SmartStart/SmartStart/tests/unit/basic.test.js">
    <testCase name="Basic Test Suite should pass basic test" duration="1"/>
    <testCase name="Basic Test Suite should have test environment variables" duration="0"/>
    <testCase name="Basic Test Suite should have mocked prisma client" duration="0"/>
    <testCase name="Basic Test Suite should be able to call prisma methods" duration="0"/>
  </file>
</testExecutions>